<?xml version="1.0" encoding="UTF-8"?>
<!-- Generated by org.testng.reporters.JUnitReportReporter -->
<testsuite skipped="0" hostname="EG-AMOHAMMAD" name="test.ValidateLoginAndLaunch" tests="1" failures="0" timestamp="2020-07-19T13:39:59 EET" time="8.345" errors="0">
  <testcase name="BD_ValidateLaunchWebsite" time="8.345" classname="test.ValidateLoginAndLaunch"/>
</testsuite> <!-- test.ValidateLoginAndLaunch -->
