<?xml version="1.0" encoding="UTF-8"?>
<!-- Generated by org.testng.reporters.JUnitReportReporter -->
<testsuite skipped="0" hostname="EG-AMOHAMMAD" name="test.ValidateLoginAndLaunch" tests="1" failures="0" timestamp="19 Jul 2020 16:05:17 GMT" time="8.304" errors="0">
  <testcase name="BD_ValidateLaunchWebsite" time="8.304" classname="test.ValidateLoginAndLaunch"/>
</testsuite> <!-- test.ValidateLoginAndLaunch -->
